<?xml version="1.0" encoding="UTF-8" ?>
<testsuite errors="0" failures="0" hostname="75f3c0819f44" name="Exercise-hash-collision" skipped="0" tests="1" time="226.519" timestamp="2019-01-31T01:41:40">
  <properties />
  <testcase classname="com.ibm.mdt.unittest.dynamic.DynamicTestCase" name="HashCollision-1-should_not_have_exercise_type_hash_collisions" time="223.255" />
</testsuite>
