<?xml version="1.0" encoding="UTF-8" ?>
<testsuite errors="0" failures="0" hostname="1aa3e5ab3c53" name="HypoPredictClean-smoke-test" skipped="0" tests="1" time="170.714" timestamp="2019-03-08T19:33:50">
  <properties />
  <testcase classname="com.ibm.mdt.unittest.dynamic.DynamicTestCase" name="should_HypoCleanArtifact1_NomarkSG_TestCase-1-positive1" time="168.683" />
</testsuite>
