<?xml version="1.0" encoding="UTF-8" ?>
<testsuite errors="0" failures="0" hostname="75f3c0819f44" name="HypoScorerTestSuite" skipped="0" tests="1" time="45.827" timestamp="2019-01-31T02:14:01">
  <properties />
  <testcase classname="com.ibm.mdt.unittest.junit.TestCaseProxy" name="HypoScorerTest" time="45.822" />
</testsuite>
