<?xml version="1.0" encoding="UTF-8" ?>
<testsuite errors="0" failures="0" hostname="75f3c0819f44" name="MovingCache" skipped="0" tests="2" time="145.869" timestamp="2019-01-31T01:55:56">
  <properties />
  <testcase classname="com.ibm.mdt.unittest.dynamic.DynamicTestCase" name="TEST-1-should_not_lose_marker_with_gap_after_24_hours" time="140.871" />
  <testcase classname="com.ibm.mdt.unittest.dynamic.DynamicTestCase" name="TEST-1-should_get_markers_without_gap_after_24_hours" time="140.875" />
</testsuite>
