<?xml version="1.0" encoding="UTF-8" ?>
<testsuite errors="0" failures="0" hostname="75f3c0819f44" name="HypoLoaderTest" skipped="0" tests="1" time="98.981" timestamp="2019-01-31T02:16:02">
  <properties />
  <testcase classname="com.ibm.mdt.unittest.junit.TestCaseProxy" name="HypoModelLoaderTest" time="98.977" />
</testsuite>
